2018/04/24 16:00:52: Peer 1004 has the preferred neighbors 0,0.
2018/04/24 16:00:52: Peer 1004 makes a connection to Peer 1001.
2018/04/24 16:00:52: Peer 1004 received the 'not interested' message from 1001.
2018/04/24 16:00:52: Peer 1004 makes a connection to Peer 1002.
2018/04/24 16:00:52: Peer 1004 received the 'not interested' message from 1002.
2018/04/24 16:00:52: Peer 1004 makes a connection to Peer 1003.
2018/04/24 16:00:52: Peer 1004 received the 'not interested' message from 1003.
2018/04/24 16:00:52: Peer 1004 is unchoked by 1003.
2018/04/24 16:00:52: Peer 1004 has downloaded the piece 0 from 1003.
Now the number of pieces it has is 1.
2018/04/24 16:00:52: Peer 1004 received the 'not interested' message from 1001.2018/04/24 16:00:52: Peer 1004 received the 'interested' message from 1002.

2018/04/24 16:00:52: Peer 1004 has the optimistically unchoked neighbor 1002.
2018/04/24 16:00:52: Peer 1004 has downloaded the piece 2 from 1003.
Now the number of pieces it has is 2.
2018/04/24 16:00:52: Peer 1004 received the 'not interested' message from 1003.
2018/04/24 16:00:52: Peer 1004 received the 'not interested' message from 1001.
2018/04/24 16:00:52: Peer 1004 received the 'interested' message from 1002.
2018/04/24 16:00:52: Peer 1004 has downloaded the piece 3 from 1003.
Now the number of pieces it has is 3.
2018/04/24 16:00:52: Peer 1004 received the 'not interested' message from 1003.
2018/04/24 16:00:52: Peer 1004 received the 'not interested' message from 1001.
2018/04/24 16:00:52: Peer 1004 received the 'not interested' message from 1003.
2018/04/24 16:00:52: Peer 1004 received the 'have' message from 1002 for the piece 0.
2018/04/24 16:00:52: Peer 1004 received the 'interested' message from 1002.
2018/04/24 16:00:52: Peer 1004 received the 'have' message from 1002 for the piece 2.
2018/04/24 16:00:52: Peer 1004 is choked by 1002.
2018/04/24 16:00:52: Peer 1004 received the 'have' message from 1002 for the piece 3.
2018/04/24 16:00:53: Peer 1004 is unchoked by 1003.
2018/04/24 16:00:53: Peer 1004 has downloaded the piece 1 from 1003.
Now the number of pieces it has is 4.
2018/04/24 16:00:53: Peer 1004 has downloaded the complete file 
2018/04/24 16:00:53: Peer 1004 received the 'not interested' message from 1001.
2018/04/24 16:00:53: Peer 1004 received the 'interested' message from 1002.
2018/04/24 16:00:53: Peer 1004 received the 'not interested' message from 1003.
2018/04/24 16:00:54: Peer 1004 is unchoked by 1001.
2018/04/24 16:00:57: Peer 1004 has the preferred neighbors 0,0.
2018/04/24 16:00:57: Peer 1004 received the 'have' message from 1002 for the piece 1.
2018/04/24 16:00:57: Peer 1004 is choked by 1002.
2018/04/24 16:00:58: Peer 1004 is unchoked by 1003.
2018/04/24 16:01:01: Peer 1004 is connected from Peer 1005.
2018/04/24 16:01:02: Peer 1004 has the preferred neighbors 0,0.
2018/04/24 16:01:07: Peer 1004 has the preferred neighbors 0,0.
2018/04/24 16:01:07: Peer 1004 has the optimistically unchoked neighbor 1002.
2018/04/24 16:01:12: Peer 1004 has the preferred neighbors 0,0.
2018/04/24 16:01:17: Peer 1004 has the preferred neighbors 0,0.
2018/04/24 16:01:22: Peer 1004 has the preferred neighbors 0,0.
2018/04/24 16:01:22: Peer 1004 has the optimistically unchoked neighbor 1002.
2018/04/24 16:01:24: Peer 1004 is choked by 1001.
2018/04/24 16:01:27: Peer 1004 has the preferred neighbors 0,0.
2018/04/24 16:01:29: Peer 1004 is unchoked by 1001.
