2018/04/24 16:01:01: Peer 1005 has the preferred neighbors 0,0.
2018/04/24 16:01:01: Peer 1005 makes a connection to Peer 1001.
2018/04/24 16:01:01: Peer 1005 received the 'not interested' message from 1001.
2018/04/24 16:01:01: Peer 1005 makes a connection to Peer 1002.
2018/04/24 16:01:01: Peer 1005 received the 'not interested' message from 1002.
2018/04/24 16:01:01: Peer 1005 is unchoked by 1002.
2018/04/24 16:01:01: Peer 1005 makes a connection to Peer 1003.
2018/04/24 16:01:01: Peer 1005 received the 'not interested' message from 1003.
2018/04/24 16:01:01: Peer 1005 makes a connection to Peer 1004.
2018/04/24 16:01:01: Peer 1005 has downloaded the piece 2 from 1002.
Now the number of pieces it has is 1.
2018/04/24 16:01:01: Peer 1005 received the 'not interested' message from 1001.
2018/04/24 16:01:01: Peer 1005 received the 'not interested' message from 1003.
2018/04/24 16:01:01: Peer 1005 has downloaded the piece 1 from 1002.
Now the number of pieces it has is 2.
2018/04/24 16:01:01: Peer 1005 received the 'not interested' message from 1001.
2018/04/24 16:01:01: Peer 1005 received the 'not interested' message from 1002.
2018/04/24 16:01:01: Peer 1005 received the 'not interested' message from 1003.
2018/04/24 16:01:01: Peer 1005 has downloaded the piece 0 from 1002.
Now the number of pieces it has is 3.
2018/04/24 16:01:01: Peer 1005 received the 'not interested' message from 1002.
2018/04/24 16:01:01: Peer 1005 received the 'not interested' message from 1003.
2018/04/24 16:01:01: Peer 1005 received the 'not interested' message from 1002.
2018/04/24 16:01:01: Peer 1005 received the 'not interested' message from 1001.
2018/04/24 16:01:02: Peer 1005 is unchoked by 1002.
2018/04/24 16:01:02: Peer 1005 has downloaded the piece 3 from 1002.
Now the number of pieces it has is 4.
2018/04/24 16:01:02: Peer 1005 has downloaded the complete file 
2018/04/24 16:01:02: Peer 1005 received the 'not interested' message from 1002.
2018/04/24 16:01:02: Peer 1005 received the 'not interested' message from 1001.2018/04/24 16:01:02: Peer 1005 received the 'not interested' message from 1003.

2018/04/24 16:01:03: Peer 1005 is unchoked by 1003.
2018/04/24 16:01:06: Peer 1005 has the preferred neighbors 0,0.
2018/04/24 16:01:07: Peer 1005 is unchoked by 1002.
2018/04/24 16:01:07: Peer 1005 is unchoked by 1003.
2018/04/24 16:01:08: Peer 1005 is unchoked by 1001.
2018/04/24 16:01:11: Peer 1005 has the preferred neighbors 0,0.
2018/04/24 16:01:16: Peer 1005 has the preferred neighbors 0,0.
2018/04/24 16:01:16: Peer 1005 is unchoked by 1002.
2018/04/24 16:01:21: Peer 1005 has the preferred neighbors 0,0.
2018/04/24 16:01:22: Peer 1005 is unchoked by 1003.
2018/04/24 16:01:23: Peer 1005 is unchoked by 1001.
2018/04/24 16:01:26: Peer 1005 has the preferred neighbors 0,0.
