2018/04/23 11:31:39: Peer 1003 has the preferred neighbors 0,0.
2018/04/23 11:31:39: Peer 1003 makes a connection to Peer 1001.
2018/04/23 11:31:39: Peer 1003 received the 'not interested' message from 1001.
2018/04/23 11:31:39: Peer 1003 is unchoked by 1001.
2018/04/23 11:31:39: Peer 1003 has downloaded the piece 26 from 1001.
Now the number of pieces it has is 1.
2018/04/23 11:31:39: Peer 1003 has downloaded the piece 32 from 1001.
Now the number of pieces it has is 2.
2018/04/23 11:31:39: Peer 1003 received the 'not interested' message from 1001.
2018/04/23 11:31:39: Peer 1003 has downloaded the piece 6 from 1001.
Now the number of pieces it has is 3.
2018/04/23 11:31:39: Peer 1003 received the 'not interested' message from 1001.
2018/04/23 11:31:39: Peer 1003 received the 'not interested' message from 1001.
2018/04/23 11:31:42: Peer 1003 is unchoked by 1001.
2018/04/23 11:31:42: Peer 1003 has downloaded the piece 9 from 1001.
Now the number of pieces it has is 4.
2018/04/23 11:31:42: Peer 1003 has downloaded the piece 15 from 1001.
Now the number of pieces it has is 5.
2018/04/23 11:31:42: Peer 1003 received the 'not interested' message from 1001.
2018/04/23 11:31:42: Peer 1003 has downloaded the piece 34 from 1001.
Now the number of pieces it has is 6.
2018/04/23 11:31:42: Peer 1003 received the 'not interested' message from 1001.
2018/04/23 11:31:42: Peer 1003 received the 'not interested' message from 1001.
2018/04/23 11:31:44: Peer 1003 has the preferred neighbors 0,0.
2018/04/23 11:31:47: Peer 1003 is unchoked by 1001.
2018/04/23 11:31:47: Peer 1003 has downloaded the piece 25 from 1001.
Now the number of pieces it has is 7.
2018/04/23 11:31:47: Peer 1003 has downloaded the piece 24 from 1001.
Now the number of pieces it has is 8.
2018/04/23 11:31:47: Peer 1003 received the 'not interested' message from 1001.
2018/04/23 11:31:47: Peer 1003 has downloaded the piece 7 from 1001.
Now the number of pieces it has is 9.
2018/04/23 11:31:47: Peer 1003 received the 'not interested' message from 1001.
2018/04/23 11:31:47: Peer 1003 received the 'not interested' message from 1001.
2018/04/23 11:31:49: Peer 1003 has the preferred neighbors 0,0.
2018/04/23 11:31:52: Peer 1003 is unchoked by 1001.
2018/04/23 11:31:52: Peer 1003 has downloaded the piece 8 from 1001.
Now the number of pieces it has is 10.
2018/04/23 11:31:52: Peer 1003 has downloaded the piece 12 from 1001.
Now the number of pieces it has is 11.
2018/04/23 11:31:52: Peer 1003 received the 'not interested' message from 1001.
2018/04/23 11:31:52: Peer 1003 has downloaded the piece 0 from 1001.
Now the number of pieces it has is 12.
2018/04/23 11:31:52: Peer 1003 received the 'not interested' message from 1001.
2018/04/23 11:31:52: Peer 1003 received the 'not interested' message from 1001.
2018/04/23 11:31:54: Peer 1003 has the preferred neighbors 0,0.
2018/04/23 11:31:54: Peer 1003 is unchoked by 1001.
2018/04/23 11:31:54: Peer 1003 has downloaded the piece 31 from 1001.
Now the number of pieces it has is 13.
2018/04/23 11:31:54: Peer 1003 has downloaded the piece 28 from 1001.
Now the number of pieces it has is 14.
2018/04/23 11:31:54: Peer 1003 received the 'not interested' message from 1001.
2018/04/23 11:31:54: Peer 1003 has downloaded the piece 29 from 1001.
Now the number of pieces it has is 15.
2018/04/23 11:31:54: Peer 1003 received the 'not interested' message from 1001.
2018/04/23 11:31:54: Peer 1003 received the 'not interested' message from 1001.
2018/04/23 11:31:57: Peer 1003 is unchoked by 1001.
2018/04/23 11:31:57: Peer 1003 has downloaded the piece 2 from 1001.
Now the number of pieces it has is 16.
2018/04/23 11:31:57: Peer 1003 has downloaded the piece 5 from 1001.
Now the number of pieces it has is 17.
2018/04/23 11:31:57: Peer 1003 received the 'not interested' message from 1001.
2018/04/23 11:31:57: Peer 1003 has downloaded the piece 11 from 1001.
Now the number of pieces it has is 18.
2018/04/23 11:31:57: Peer 1003 received the 'not interested' message from 1001.
2018/04/23 11:31:57: Peer 1003 received the 'not interested' message from 1001.
2018/04/23 11:31:59: Peer 1003 has the preferred neighbors 0,0.
2018/04/23 11:32:02: Peer 1003 is unchoked by 1001.
2018/04/23 11:32:02: Peer 1003 has downloaded the piece 22 from 1001.
Now the number of pieces it has is 19.
2018/04/23 11:32:02: Peer 1003 has downloaded the piece 18 from 1001.
Now the number of pieces it has is 20.
2018/04/23 11:32:02: Peer 1003 received the 'not interested' message from 1001.
2018/04/23 11:32:02: Peer 1003 has downloaded the piece 17 from 1001.
Now the number of pieces it has is 21.
2018/04/23 11:32:02: Peer 1003 received the 'not interested' message from 1001.
2018/04/23 11:32:02: Peer 1003 received the 'not interested' message from 1001.
2018/04/23 11:32:04: Peer 1003 has the preferred neighbors 0,0.
2018/04/23 11:32:07: Peer 1003 is unchoked by 1001.
2018/04/23 11:32:07: Peer 1003 has downloaded the piece 10 from 1001.
Now the number of pieces it has is 22.
2018/04/23 11:32:07: Peer 1003 has downloaded the piece 27 from 1001.
Now the number of pieces it has is 23.
2018/04/23 11:32:07: Peer 1003 received the 'not interested' message from 1001.
2018/04/23 11:32:07: Peer 1003 has downloaded the piece 21 from 1001.
Now the number of pieces it has is 24.
2018/04/23 11:32:07: Peer 1003 received the 'not interested' message from 1001.
2018/04/23 11:32:07: Peer 1003 received the 'not interested' message from 1001.
2018/04/23 11:32:09: Peer 1003 is unchoked by 1001.
2018/04/23 11:32:09: Peer 1003 has downloaded the piece 33 from 1001.
Now the number of pieces it has is 25.
2018/04/23 11:32:09: Peer 1003 has downloaded the piece 16 from 1001.
Now the number of pieces it has is 26.
2018/04/23 11:32:09: Peer 1003 received the 'not interested' message from 1001.
2018/04/23 11:32:09: Peer 1003 has downloaded the piece 13 from 1001.
Now the number of pieces it has is 27.
2018/04/23 11:32:09: Peer 1003 received the 'not interested' message from 1001.
2018/04/23 11:32:09: Peer 1003 received the 'not interested' message from 1001.
2018/04/23 11:32:09: Peer 1003 has the preferred neighbors 0,0.
2018/04/23 11:32:12: Peer 1003 is unchoked by 1001.
2018/04/23 11:32:12: Peer 1003 has downloaded the piece 3 from 1001.
Now the number of pieces it has is 28.
2018/04/23 11:32:12: Peer 1003 has downloaded the piece 1 from 1001.
Now the number of pieces it has is 29.
2018/04/23 11:32:12: Peer 1003 received the 'not interested' message from 1001.
2018/04/23 11:32:12: Peer 1003 has downloaded the piece 20 from 1001.
Now the number of pieces it has is 30.
2018/04/23 11:32:12: Peer 1003 received the 'not interested' message from 1001.
2018/04/23 11:32:12: Peer 1003 received the 'not interested' message from 1001.
2018/04/23 11:32:14: Peer 1003 has the preferred neighbors 0,0.
2018/04/23 11:32:17: Peer 1003 is unchoked by 1001.
2018/04/23 11:32:17: Peer 1003 has downloaded the piece 23 from 1001.
Now the number of pieces it has is 31.
2018/04/23 11:32:17: Peer 1003 has downloaded the piece 4 from 1001.
Now the number of pieces it has is 32.
2018/04/23 11:32:17: Peer 1003 received the 'not interested' message from 1001.
2018/04/23 11:32:17: Peer 1003 has downloaded the piece 19 from 1001.
Now the number of pieces it has is 33.
2018/04/23 11:32:17: Peer 1003 received the 'not interested' message from 1001.
2018/04/23 11:32:17: Peer 1003 received the 'not interested' message from 1001.
2018/04/23 11:32:19: Peer 1003 has the preferred neighbors 0,0.
2018/04/23 11:32:22: Peer 1003 is unchoked by 1001.
2018/04/23 11:32:22: Peer 1003 has downloaded the piece 14 from 1001.
Now the number of pieces it has is 34.
2018/04/23 11:32:22: Peer 1003 has downloaded the piece 30 from 1001.
Now the number of pieces it has is 35.
2018/04/23 11:32:22: Peer 1003 has downloaded the complete file 
2018/04/23 11:32:22: Peer 1003 received the 'not interested' message from 1001.
2018/04/23 11:32:22: Peer 1003 received the 'not interested' message from 1001.
2018/04/23 11:32:24: Peer 1003 is unchoked by 1001.
2018/04/23 11:32:24: Peer 1003 has the preferred neighbors 0,0.
2018/04/23 11:32:29: Peer 1003 has the preferred neighbors 0,0.
2018/04/23 11:32:34: Peer 1003 has the preferred neighbors 0,0.
2018/04/23 11:32:39: Peer 1003 is unchoked by 1001.
2018/04/23 11:32:39: Peer 1003 has the preferred neighbors 0,0.
2018/04/23 11:32:44: Peer 1003 has the preferred neighbors 0,0.
2018/04/23 11:32:49: Peer 1003 has the preferred neighbors 0,0.
2018/04/23 11:32:54: Peer 1003 is unchoked by 1001.
2018/04/23 11:32:54: Peer 1003 has the preferred neighbors 0,0.
2018/04/23 11:32:59: Peer 1003 has the preferred neighbors 0,0.
2018/04/23 11:33:04: Peer 1003 has the preferred neighbors 0,0.
2018/04/23 11:33:09: Peer 1003 is unchoked by 1001.
2018/04/23 11:33:09: Peer 1003 has the preferred neighbors 0,0.
2018/04/23 11:33:14: Peer 1003 has the preferred neighbors 0,0.
2018/04/23 11:33:19: Peer 1003 has the preferred neighbors 0,0.
2018/04/23 11:33:24: Peer 1003 is unchoked by 1001.
2018/04/23 11:33:24: Peer 1003 has the preferred neighbors 0,0.
2018/04/23 11:33:29: Peer 1003 has the preferred neighbors 0,0.
2018/04/23 11:33:34: Peer 1003 has the preferred neighbors 0,0.
2018/04/23 11:33:39: Peer 1003 is unchoked by 1001.
2018/04/23 11:33:39: Peer 1003 has the preferred neighbors 0,0.
2018/04/23 11:33:44: Peer 1003 has the preferred neighbors 0,0.
2018/04/23 11:33:49: Peer 1003 has the preferred neighbors 0,0.
2018/04/23 11:33:54: Peer 1003 is unchoked by 1001.
2018/04/23 11:33:54: Peer 1003 has the preferred neighbors 0,0.
2018/04/23 11:33:59: Peer 1003 has the preferred neighbors 0,0.
2018/04/23 11:34:04: Peer 1003 has the preferred neighbors 0,0.
2018/04/24 16:00:38: Peer 1003 has the preferred neighbors 0,0.
2018/04/24 16:00:38: Peer 1003 makes a connection to Peer 1001.
2018/04/24 16:00:38: Peer 1003 received the 'not interested' message from 1001.
2018/04/24 16:00:38: Peer 1003 is unchoked by 1001.
2018/04/24 16:00:38: Peer 1003 makes a connection to Peer 1002.
2018/04/24 16:00:38: Peer 1003 has downloaded the piece 3 from 1001.
Now the number of pieces it has is 1.
2018/04/24 16:00:38: Peer 1003 has downloaded the piece 1 from 1001.
Now the number of pieces it has is 2.
2018/04/24 16:00:38: Peer 1003 received the 'not interested' message from 1001.
2018/04/24 16:00:38: Peer 1003 has downloaded the piece 0 from 1001.
Now the number of pieces it has is 3.
2018/04/24 16:00:38: Peer 1003 received the 'not interested' message from 1001.
2018/04/24 16:00:38: Peer 1003 received the 'not interested' message from 1001.
2018/04/24 16:00:39: Peer 1003 is unchoked by 1001.
2018/04/24 16:00:39: Peer 1003 has downloaded the piece 2 from 1001.
Now the number of pieces it has is 4.
2018/04/24 16:00:39: Peer 1003 has downloaded the complete file 
2018/04/24 16:00:39: Peer 1003 received the 'not interested' message from 1001.
2018/04/24 16:00:43: Peer 1003 has the preferred neighbors 0,0.
2018/04/24 16:00:44: Peer 1003 is unchoked by 1001.
2018/04/24 16:00:48: Peer 1003 has the preferred neighbors 0,0.
2018/04/24 16:00:52: Peer 1003 is connected from Peer 1004.
2018/04/24 16:00:52: Peer 1003 received the 'interested' message from 1004.
2018/04/24 16:00:52: Peer 1003 has the optimistically unchoked neighbor 1004.
2018/04/24 16:00:52: Peer 1003 received the 'have' message from 1004 for the piece 0.
2018/04/24 16:00:52: Peer 1003 received the 'have' message from 1004 for the piece 2.
2018/04/24 16:00:52: Peer 1003 is choked by 1004.
2018/04/24 16:00:52: Peer 1003 received the 'have' message from 1004 for the piece 3.
2018/04/24 16:00:52: Peer 1003 received the 'have' message from 1002 for the piece 0.
2018/04/24 16:00:52: Peer 1003 received the 'have' message from 1002 for the piece 2.
2018/04/24 16:00:52: Peer 1003 received the 'have' message from 1002 for the piece 3.
2018/04/24 16:00:53: Peer 1003 has the preferred neighbors 0,0.
2018/04/24 16:00:53: Peer 1003 received the 'have' message from 1004 for the piece 1.
2018/04/24 16:00:53: Peer 1003 is choked by 1004.
2018/04/24 16:00:53: Peer 1003 is unchoked by 1001.
2018/04/24 16:00:57: Peer 1003 received the 'have' message from 1002 for the piece 1.
2018/04/24 16:00:58: Peer 1003 has the preferred neighbors 0,0.
2018/04/24 16:01:01: Peer 1003 is connected from Peer 1005.
2018/04/24 16:01:01: Peer 1003 received the 'interested' message from 1005.
2018/04/24 16:01:01: Peer 1003 received the 'have' message from 1005 for the piece 2.
2018/04/24 16:01:01: Peer 1003 received the 'have' message from 1005 for the piece 1.
2018/04/24 16:01:01: Peer 1003 received the 'have' message from 1005 for the piece 0.
2018/04/24 16:01:02: Peer 1003 received the 'have' message from 1005 for the piece 3.
2018/04/24 16:01:03: Peer 1003 has the preferred neighbors 0,0.
2018/04/24 16:01:07: Peer 1003 has the optimistically unchoked neighbor 1005.
2018/04/24 16:01:08: Peer 1003 has the preferred neighbors 0,0.
2018/04/24 16:01:09: Peer 1003 is choked by 1001.
2018/04/24 16:01:13: Peer 1003 has the preferred neighbors 0,0.
2018/04/24 16:01:14: Peer 1003 is unchoked by 1001.
2018/04/24 16:01:18: Peer 1003 has the preferred neighbors 0,0.
2018/04/24 16:01:19: Peer 1003 is choked by 1001.
2018/04/24 16:01:22: Peer 1003 has the optimistically unchoked neighbor 1005.
2018/04/24 16:01:23: Peer 1003 has the preferred neighbors 0,0.
2018/04/24 16:01:24: Peer 1003 is unchoked by 1001.
2018/04/24 16:01:28: Peer 1003 has the preferred neighbors 0,0.
2018/04/24 16:01:29: Peer 1003 is choked by 1001.
