2018/04/23 11:31:22: Peer 1001 has the preferred neighbors 0,0.
2018/04/23 11:31:27: Peer 1001 has the preferred neighbors 0,0.
2018/04/23 11:31:32: Peer 1001 has the preferred neighbors 0,0.
2018/04/23 11:31:37: Peer 1001 has the preferred neighbors 0,0.
2018/04/23 11:31:39: Peer 1001 is connected from Peer 1003.
2018/04/23 11:31:39: Peer 1001 received the 'interested' message from 1003.
2018/04/23 11:31:39: Peer 1001 has the optimistically unchoked neighbor 1003.
2018/04/23 11:31:39: Peer 1001 received the 'have' message from 1003 for the piece 26.
2018/04/23 11:31:39: Peer 1001 received the 'have' message from 1003 for the piece 32.
2018/04/23 11:31:39: Peer 1001 is choked by 1003.
2018/04/23 11:31:39: Peer 1001 received the 'have' message from 1003 for the piece 6.
2018/04/23 11:31:42: Peer 1001 has the preferred neighbors 0,0.
2018/04/23 11:31:42: Peer 1001 received the 'have' message from 1003 for the piece 9.
2018/04/23 11:31:42: Peer 1001 received the 'have' message from 1003 for the piece 15.
2018/04/23 11:31:42: Peer 1001 is choked by 1003.
2018/04/23 11:31:42: Peer 1001 received the 'have' message from 1003 for the piece 34.
2018/04/23 11:31:47: Peer 1001 has the preferred neighbors 0,0.
2018/04/23 11:31:47: Peer 1001 received the 'have' message from 1003 for the piece 25.
2018/04/23 11:31:47: Peer 1001 received the 'have' message from 1003 for the piece 24.
2018/04/23 11:31:47: Peer 1001 is choked by 1003.
2018/04/23 11:31:47: Peer 1001 received the 'have' message from 1003 for the piece 7.
2018/04/23 11:31:52: Peer 1001 has the preferred neighbors 0,0.
2018/04/23 11:31:52: Peer 1001 received the 'have' message from 1003 for the piece 8.
2018/04/23 11:31:52: Peer 1001 received the 'have' message from 1003 for the piece 12.
2018/04/23 11:31:52: Peer 1001 is choked by 1003.
2018/04/23 11:31:52: Peer 1001 received the 'have' message from 1003 for the piece 0.
2018/04/23 11:31:54: Peer 1001 has the optimistically unchoked neighbor 1003.
2018/04/23 11:31:54: Peer 1001 received the 'have' message from 1003 for the piece 31.
2018/04/23 11:31:54: Peer 1001 received the 'have' message from 1003 for the piece 28.
2018/04/23 11:31:54: Peer 1001 is choked by 1003.
2018/04/23 11:31:54: Peer 1001 received the 'have' message from 1003 for the piece 29.
2018/04/23 11:31:57: Peer 1001 has the preferred neighbors 0,0.
2018/04/23 11:31:57: Peer 1001 received the 'have' message from 1003 for the piece 2.
2018/04/23 11:31:57: Peer 1001 received the 'have' message from 1003 for the piece 5.
2018/04/23 11:31:57: Peer 1001 is choked by 1003.
2018/04/23 11:31:57: Peer 1001 received the 'have' message from 1003 for the piece 11.
2018/04/23 11:32:02: Peer 1001 has the preferred neighbors 0,0.
2018/04/23 11:32:02: Peer 1001 received the 'have' message from 1003 for the piece 22.
2018/04/23 11:32:02: Peer 1001 received the 'have' message from 1003 for the piece 18.
2018/04/23 11:32:02: Peer 1001 is choked by 1003.
2018/04/23 11:32:02: Peer 1001 received the 'have' message from 1003 for the piece 17.
2018/04/23 11:32:07: Peer 1001 has the preferred neighbors 0,0.
2018/04/23 11:32:07: Peer 1001 received the 'have' message from 1003 for the piece 10.
2018/04/23 11:32:07: Peer 1001 received the 'have' message from 1003 for the piece 27.
2018/04/23 11:32:07: Peer 1001 is choked by 1003.
2018/04/23 11:32:07: Peer 1001 received the 'have' message from 1003 for the piece 21.
2018/04/23 11:32:09: Peer 1001 has the optimistically unchoked neighbor 1003.
2018/04/23 11:32:09: Peer 1001 received the 'have' message from 1003 for the piece 33.
2018/04/23 11:32:09: Peer 1001 received the 'have' message from 1003 for the piece 16.
2018/04/23 11:32:09: Peer 1001 is choked by 1003.
2018/04/23 11:32:09: Peer 1001 received the 'have' message from 1003 for the piece 13.
2018/04/23 11:32:12: Peer 1001 has the preferred neighbors 0,0.
2018/04/23 11:32:12: Peer 1001 received the 'have' message from 1003 for the piece 3.
2018/04/23 11:32:12: Peer 1001 received the 'have' message from 1003 for the piece 1.
2018/04/23 11:32:12: Peer 1001 is choked by 1003.
2018/04/23 11:32:12: Peer 1001 received the 'have' message from 1003 for the piece 20.
2018/04/23 11:32:17: Peer 1001 has the preferred neighbors 0,0.
2018/04/23 11:32:17: Peer 1001 received the 'have' message from 1003 for the piece 23.
2018/04/23 11:32:17: Peer 1001 received the 'have' message from 1003 for the piece 4.
2018/04/23 11:32:17: Peer 1001 is choked by 1003.
2018/04/23 11:32:17: Peer 1001 received the 'have' message from 1003 for the piece 19.
2018/04/23 11:32:22: Peer 1001 has the preferred neighbors 0,0.
2018/04/23 11:32:22: Peer 1001 received the 'have' message from 1003 for the piece 14.
2018/04/23 11:32:22: Peer 1001 received the 'have' message from 1003 for the piece 30.
2018/04/23 11:32:22: Peer 1001 is choked by 1003.
2018/04/23 11:32:24: Peer 1001 has the optimistically unchoked neighbor 1003.
2018/04/23 11:32:27: Peer 1001 has the preferred neighbors 0,0.
2018/04/23 11:32:32: Peer 1001 has the preferred neighbors 0,0.
2018/04/23 11:32:37: Peer 1001 has the preferred neighbors 0,0.
2018/04/23 11:32:39: Peer 1001 has the optimistically unchoked neighbor 1003.
2018/04/23 11:32:42: Peer 1001 has the preferred neighbors 0,0.
2018/04/23 11:32:47: Peer 1001 has the preferred neighbors 0,0.
2018/04/23 11:32:52: Peer 1001 has the preferred neighbors 0,0.
2018/04/23 11:32:54: Peer 1001 has the optimistically unchoked neighbor 1003.
2018/04/23 11:32:57: Peer 1001 has the preferred neighbors 0,0.
2018/04/23 11:33:02: Peer 1001 has the preferred neighbors 0,0.
2018/04/23 11:33:07: Peer 1001 has the preferred neighbors 0,0.
2018/04/23 11:33:09: Peer 1001 has the optimistically unchoked neighbor 1003.
2018/04/23 11:33:12: Peer 1001 has the preferred neighbors 0,0.
2018/04/23 11:33:17: Peer 1001 has the preferred neighbors 0,0.
2018/04/23 11:33:22: Peer 1001 has the preferred neighbors 0,0.
2018/04/23 11:33:24: Peer 1001 has the optimistically unchoked neighbor 1003.
2018/04/23 11:33:27: Peer 1001 has the preferred neighbors 0,0.
2018/04/23 11:33:32: Peer 1001 has the preferred neighbors 0,0.
2018/04/23 11:33:37: Peer 1001 has the preferred neighbors 0,0.
2018/04/23 11:33:39: Peer 1001 has the optimistically unchoked neighbor 1003.
2018/04/23 11:33:42: Peer 1001 has the preferred neighbors 0,0.
2018/04/23 11:33:47: Peer 1001 has the preferred neighbors 0,0.
2018/04/23 11:33:52: Peer 1001 has the preferred neighbors 0,0.
2018/04/23 11:33:54: Peer 1001 has the optimistically unchoked neighbor 1003.
2018/04/23 11:33:57: Peer 1001 has the preferred neighbors 0,0.
2018/04/23 11:34:02: Peer 1001 has the preferred neighbors 0,0.
2018/04/23 11:34:07: Peer 1001 has the preferred neighbors 0,0.
2018/04/23 11:34:09: Peer 1001 has the optimistically unchoked neighbor 1003.
2018/04/24 15:59:53: Peer 1001 has the preferred neighbors 0,0.
2018/04/24 15:59:58: Peer 1001 has the preferred neighbors 0,0.
2018/04/24 16:00:02: Peer 1001 is connected from Peer 1002.
2018/04/24 16:00:03: Peer 1001 has the preferred neighbors 0,0.
2018/04/24 16:00:09: Peer 1001 has the preferred neighbors 0,0.
2018/04/24 16:00:14: Peer 1001 has the preferred neighbors 0,0.
2018/04/24 16:00:19: Peer 1001 has the preferred neighbors 0,0.
2018/04/24 16:00:24: Peer 1001 has the preferred neighbors 0,0.
2018/04/24 16:00:29: Peer 1001 has the preferred neighbors 0,0.
2018/04/24 16:00:34: Peer 1001 has the preferred neighbors 0,0.
2018/04/24 16:00:38: Peer 1001 is connected from Peer 1003.
2018/04/24 16:00:38: Peer 1001 received the 'interested' message from 1003.
2018/04/24 16:00:38: Peer 1001 has the optimistically unchoked neighbor 1003.
2018/04/24 16:00:38: Peer 1001 received the 'have' message from 1003 for the piece 3.
2018/04/24 16:00:38: Peer 1001 received the 'have' message from 1003 for the piece 1.
2018/04/24 16:00:38: Peer 1001 is choked by 1003.
2018/04/24 16:00:38: Peer 1001 received the 'have' message from 1003 for the piece 0.
2018/04/24 16:00:39: Peer 1001 has the preferred neighbors 0,0.
2018/04/24 16:00:39: Peer 1001 received the 'have' message from 1003 for the piece 2.
2018/04/24 16:00:39: Peer 1001 is choked by 1003.
2018/04/24 16:00:44: Peer 1001 has the preferred neighbors 0,0.
2018/04/24 16:00:49: Peer 1001 has the preferred neighbors 0,0.
2018/04/24 16:00:52: Peer 1001 is connected from Peer 1004.
2018/04/24 16:00:52: Peer 1001 received the 'interested' message from 1004.
2018/04/24 16:00:52: Peer 1001 received the 'have' message from 1004 for the piece 0.
2018/04/24 16:00:52: Peer 1001 received the 'have' message from 1004 for the piece 2.
2018/04/24 16:00:52: Peer 1001 received the 'have' message from 1004 for the piece 3.
2018/04/24 16:00:53: Peer 1001 received the 'have' message from 1004 for the piece 1.
2018/04/24 16:00:53: Peer 1001 has the optimistically unchoked neighbor 1003.
2018/04/24 16:00:54: Peer 1001 has the preferred neighbors 0,0.
2018/04/24 16:00:59: Peer 1001 has the preferred neighbors 0,0.
2018/04/24 16:01:01: Peer 1001 is connected from Peer 1005.
2018/04/24 16:01:01: Peer 1001 received the 'interested' message from 1005.
2018/04/24 16:01:01: Peer 1001 received the 'have' message from 1005 for the piece 2.
2018/04/24 16:01:01: Peer 1001 received the 'have' message from 1005 for the piece 1.
2018/04/24 16:01:01: Peer 1001 received the 'have' message from 1005 for the piece 0.
2018/04/24 16:01:02: Peer 1001 received the 'have' message from 1005 for the piece 3.
2018/04/24 16:01:04: Peer 1001 has the preferred neighbors 1004,1003.
2018/04/24 16:01:08: Peer 1001 has the optimistically unchoked neighbor 1005.
2018/04/24 16:01:09: Peer 1001 has the preferred neighbors 1004,1005.
2018/04/24 16:01:14: Peer 1001 has the preferred neighbors 1004,1003.
2018/04/24 16:01:19: Peer 1001 has the preferred neighbors 1005,1004.
2018/04/24 16:01:23: Peer 1001 has the optimistically unchoked neighbor 1005.
2018/04/24 16:01:24: Peer 1001 has the preferred neighbors 1003,1005.
2018/04/24 16:01:29: Peer 1001 has the preferred neighbors 1004,1005.
